2024-01-23 10:47:40 INFO  GetUserRequestTest:15 Start :: GET All users test.
2024-01-23 10:47:40 INFO  GetUserRequestTest:18 GET : URL https://reqres.in/api/users?page=2
2024-01-23 10:47:42 INFO  GetUserRequestTest:33 Reponse :: {"page":2,"per_page":6,"total":12,"total_pages":2,"data":[{"id":7,"email":"michael.lawson@reqres.in","first_name":"Michael","last_name":"Lawson","avatar":"https://reqres.in/img/faces/7-image.jpg"},{"id":8,"email":"lindsay.ferguson@reqres.in","first_name":"Lindsay","last_name":"Ferguson","avatar":"https://reqres.in/img/faces/8-image.jpg"},{"id":9,"email":"tobias.funke@reqres.in","first_name":"Tobias","last_name":"Funke","avatar":"https://reqres.in/img/faces/9-image.jpg"},{"id":10,"email":"byron.fields@reqres.in","first_name":"Byron","last_name":"Fields","avatar":"https://reqres.in/img/faces/10-image.jpg"},{"id":11,"email":"george.edwards@reqres.in","first_name":"George","last_name":"Edwards","avatar":"https://reqres.in/img/faces/11-image.jpg"},{"id":12,"email":"rachel.howell@reqres.in","first_name":"Rachel","last_name":"Howell","avatar":"https://reqres.in/img/faces/12-image.jpg"}],"support":{"url":"https://reqres.in/#support-heading","text":"To keep ReqRes free, contributions towards server costs are appreciated!"}}
2024-01-23 10:47:42 INFO  GetUserRequestTest:34 End :: GET All users test.
2024-01-23 10:47:42 INFO  GetUserRequestTest:39 Start :: GET All users test with query parms.
2024-01-23 10:47:42 INFO  GetUserRequestTest:47 GET : URL https://reqres.in/api/users?page=2
2024-01-23 10:47:43 INFO  GetUserRequestTest:61 Reponse :: {"page":2,"per_page":6,"total":12,"total_pages":2,"data":[{"id":7,"email":"michael.lawson@reqres.in","first_name":"Michael","last_name":"Lawson","avatar":"https://reqres.in/img/faces/7-image.jpg"},{"id":8,"email":"lindsay.ferguson@reqres.in","first_name":"Lindsay","last_name":"Ferguson","avatar":"https://reqres.in/img/faces/8-image.jpg"},{"id":9,"email":"tobias.funke@reqres.in","first_name":"Tobias","last_name":"Funke","avatar":"https://reqres.in/img/faces/9-image.jpg"},{"id":10,"email":"byron.fields@reqres.in","first_name":"Byron","last_name":"Fields","avatar":"https://reqres.in/img/faces/10-image.jpg"},{"id":11,"email":"george.edwards@reqres.in","first_name":"George","last_name":"Edwards","avatar":"https://reqres.in/img/faces/11-image.jpg"},{"id":12,"email":"rachel.howell@reqres.in","first_name":"Rachel","last_name":"Howell","avatar":"https://reqres.in/img/faces/12-image.jpg"}],"support":{"url":"https://reqres.in/#support-heading","text":"To keep ReqRes free, contributions towards server costs are appreciated!"}}
2024-01-23 10:47:43 INFO  GetUserRequestTest:62 End :: GET All users test with query parms.
2024-01-23 10:47:43 INFO  GetUserRequestTest:67 Start :: GET user by {userId} test.
2024-01-23 10:47:43 INFO  GetUserRequestTest:72 GET : URL https://reqres.in/api/users/7
2024-01-23 10:47:43 INFO  GetUserRequestTest:82 Reponse :: {"data":{"id":7,"email":"michael.lawson@reqres.in","first_name":"Michael","last_name":"Lawson","avatar":"https://reqres.in/img/faces/7-image.jpg"},"support":{"url":"https://reqres.in/#support-heading","text":"To keep ReqRes free, contributions towards server costs are appreciated!"}}
2024-01-23 10:47:43 INFO  GetUserRequestTest:83 End :: GET user by {userId} test.
2024-01-23 10:47:43 INFO  RegisterRequestTest:17 Start :: Test Registration  with rest assured
2024-01-23 10:47:43 INFO  RegisterRequestTest:18 POST :: URL https://reqres.in/api/register
2024-01-23 10:47:43 INFO  RegisterRequestTest:20 Request Object :: User [email=eve.holt@reqres.in, password=pistol]
2024-01-23 10:47:45 INFO  RegisterRequestTest:36 Response Object:: {"id":4,"token":"QpwL5tke4Pnpja7X4"}
2024-01-23 10:47:45 INFO  RegisterRequestTest:37 End :: Test Registration  with rest assured
2024-01-23 10:47:45 INFO  LoginRequestTest:19 Start :: Test on Login request with Rest assured
2024-01-23 10:47:45 INFO  LoginRequestTest:32 Response Object ::{"token":"QpwL5tke4Pnpja7X4"}
2024-01-23 10:47:45 INFO  LoginRequestTest:33 End :: Test on Login request with Rest assured
2024-01-23 10:49:26 INFO  GetUserRequestTest:15 Start :: GET All users test.
2024-01-23 10:49:26 INFO  GetUserRequestTest:18 GET : URL https://reqres.in/api/users?page=2
2024-01-23 10:49:28 INFO  GetUserRequestTest:33 Reponse :: {"page":2,"per_page":6,"total":12,"total_pages":2,"data":[{"id":7,"email":"michael.lawson@reqres.in","first_name":"Michael","last_name":"Lawson","avatar":"https://reqres.in/img/faces/7-image.jpg"},{"id":8,"email":"lindsay.ferguson@reqres.in","first_name":"Lindsay","last_name":"Ferguson","avatar":"https://reqres.in/img/faces/8-image.jpg"},{"id":9,"email":"tobias.funke@reqres.in","first_name":"Tobias","last_name":"Funke","avatar":"https://reqres.in/img/faces/9-image.jpg"},{"id":10,"email":"byron.fields@reqres.in","first_name":"Byron","last_name":"Fields","avatar":"https://reqres.in/img/faces/10-image.jpg"},{"id":11,"email":"george.edwards@reqres.in","first_name":"George","last_name":"Edwards","avatar":"https://reqres.in/img/faces/11-image.jpg"},{"id":12,"email":"rachel.howell@reqres.in","first_name":"Rachel","last_name":"Howell","avatar":"https://reqres.in/img/faces/12-image.jpg"}],"support":{"url":"https://reqres.in/#support-heading","text":"To keep ReqRes free, contributions towards server costs are appreciated!"}}
2024-01-23 10:49:28 INFO  GetUserRequestTest:34 End :: GET All users test.
2024-01-23 10:49:28 INFO  GetUserRequestTest:39 Start :: GET All users test with query parms.
2024-01-23 10:49:28 INFO  GetUserRequestTest:47 GET : URL https://reqres.in/api/users?page=2
2024-01-23 10:49:28 INFO  GetUserRequestTest:61 Reponse :: {"page":2,"per_page":6,"total":12,"total_pages":2,"data":[{"id":7,"email":"michael.lawson@reqres.in","first_name":"Michael","last_name":"Lawson","avatar":"https://reqres.in/img/faces/7-image.jpg"},{"id":8,"email":"lindsay.ferguson@reqres.in","first_name":"Lindsay","last_name":"Ferguson","avatar":"https://reqres.in/img/faces/8-image.jpg"},{"id":9,"email":"tobias.funke@reqres.in","first_name":"Tobias","last_name":"Funke","avatar":"https://reqres.in/img/faces/9-image.jpg"},{"id":10,"email":"byron.fields@reqres.in","first_name":"Byron","last_name":"Fields","avatar":"https://reqres.in/img/faces/10-image.jpg"},{"id":11,"email":"george.edwards@reqres.in","first_name":"George","last_name":"Edwards","avatar":"https://reqres.in/img/faces/11-image.jpg"},{"id":12,"email":"rachel.howell@reqres.in","first_name":"Rachel","last_name":"Howell","avatar":"https://reqres.in/img/faces/12-image.jpg"}],"support":{"url":"https://reqres.in/#support-heading","text":"To keep ReqRes free, contributions towards server costs are appreciated!"}}
2024-01-23 10:49:28 INFO  GetUserRequestTest:62 End :: GET All users test with query parms.
2024-01-23 10:49:28 INFO  GetUserRequestTest:67 Start :: GET user by {userId} test.
2024-01-23 10:49:28 INFO  GetUserRequestTest:72 GET : URL https://reqres.in/api/users/7
2024-01-23 10:49:29 INFO  GetUserRequestTest:82 Reponse :: {"data":{"id":7,"email":"michael.lawson@reqres.in","first_name":"Michael","last_name":"Lawson","avatar":"https://reqres.in/img/faces/7-image.jpg"},"support":{"url":"https://reqres.in/#support-heading","text":"To keep ReqRes free, contributions towards server costs are appreciated!"}}
2024-01-23 10:49:29 INFO  GetUserRequestTest:83 End :: GET user by {userId} test.
2024-01-23 10:50:09 INFO  LoginRequestTest:19 Start :: Test on Login request with Rest assured
2024-01-23 10:50:12 INFO  LoginRequestTest:32 Response Object ::{"token":"QpwL5tke4Pnpja7X4"}
2024-01-23 10:50:12 INFO  LoginRequestTest:33 End :: Test on Login request with Rest assured
2024-01-23 10:50:41 INFO  RegisterRequestTest:17 Start :: Test Registration  with rest assured
2024-01-23 10:50:41 INFO  RegisterRequestTest:18 POST :: URL https://reqres.in/api/register
2024-01-23 10:50:41 INFO  RegisterRequestTest:20 Request Object :: User [email=eve.holt@reqres.in, password=pistol]
2024-01-23 10:50:44 INFO  RegisterRequestTest:36 Response Object:: {"id":4,"token":"QpwL5tke4Pnpja7X4"}
2024-01-23 10:50:44 INFO  RegisterRequestTest:37 End :: Test Registration  with rest assured
